#
# There is insufficient memory for the Java Runtime Environment to continue.
# Native memory allocation (malloc) failed to allocate 817776 bytes for Chunk::new
# Possible reasons:
#   The system is out of physical RAM or swap space
#   The process is running with CompressedOops enabled, and the Java Heap may be blocking the growth of the native heap
# Possible solutions:
#   Reduce memory load on the system
#   Increase physical memory or swap space
#   Check if swap backing store is full
#   Decrease Java heap size (-Xmx/-Xms)
#   Decrease number of Java threads
#   Decrease Java thread stack sizes (-Xss)
#   Set larger code cache with -XX:ReservedCodeCacheSize=
#   JVM is running with Zero Based Compressed Oops mode in which the Java heap is
#     placed in the first 32GB address space. The Java Heap base address is the
#     maximum limit for the native heap growth. Please use -XX:HeapBaseMinAddress
#     to set the Java Heap base and to place the Java Heap above 32GB virtual address.
# This output file may be truncated or incomplete.
#
#  Out of Memory Error (./src/hotspot/share/memory/arena.cpp:197), pid=15748, tid=16308
#
# JRE version: OpenJDK Runtime Environment (11.0.12+7) (build 11.0.12+7-b1504.28-7817840)
# Java VM: OpenJDK 64-Bit Server VM (11.0.12+7-b1504.28-7817840, mixed mode, tiered, compressed oops, g1 gc, windows-amd64)
# No core dump will be written. Minidumps are not enabled by default on client versions of Windows
#

---------------  S U M M A R Y ------------

Command Line: org.jetbrains.kotlin.cli.jvm.K2JVMCompiler @C:\Users\Puneet Agrawal\AndroidStudioProjects\texttospeech\app\build\20220613_2860809544606355032.compiler.options

Host: Intel(R) Core(TM) i5-8250U CPU @ 1.60GHz, 8 cores, 11G,  Windows 10 , 64 bit Build 22000 (10.0.22000.675)
Time: Mon Jun 13 01:55:54 2022 India Standard Time elapsed time: 3.800822 seconds (0d 0h 0m 3s)

---------------  T H R E A D  ---------------

Current thread (0x000002907db68000):  JavaThread "C2 CompilerThread0" daemon [_thread_in_native, id=16308, stack(0x000000d1f7b00000,0x000000d1f7c00000)]


Current CompileTask:
C2:   3801 2220       4       org.jetbrains.kotlin.com.intellij.openapi.vfs.impl.ZipHandlerBase::getOrCreate (292 bytes)

Stack: [0x000000d1f7b00000,0x000000d1f7c00000]
Native frames: (J=compiled Java code, j=interpreted, Vv=VM code, C=native code)
V  [jvm.dll+0x5fbcea]
V  [jvm.dll+0x731905]
V  [jvm.dll+0x732f1d]
V  [jvm.dll+0x7335d3]
V  [jvm.dll+0x247bf8]
V  [jvm.dll+0xc018c]
V  [jvm.dll+0xc06cc]
V  [jvm.dll+0x35b2db]
V  [jvm.dll+0x328803]
V  [jvm.dll+0x327cfa]
V  [jvm.dll+0x200602]
V  [jvm.dll+0x1ff794]
V  [jvm.dll+0x18868c]
V  [jvm.dll+0x20e0d7]
V  [jvm.dll+0x20c901]
V  [jvm.dll+0x6f9b7f]
V  [jvm.dll+0x6f26a5]
V  [jvm.dll+0x5fabf6]
C  [ucrtbase.dll+0x26c0c]
C  [KERNEL32.DLL+0x154e0]
C  [ntdll.dll+0x485b]


---------------  P R O C E S S  ---------------

Threads class SMR info:
_java_thread_list=0x000002907fa8a7c0, length=11, elements={
0x000002906d8ee800, 0x000002907db41800, 0x000002907db4a000, 0x000002907db63000,
0x000002907db64000, 0x000002907db67000, 0x000002907db68000, 0x000002907db69800,
0x000002907dbc2000, 0x000002907dd1a800, 0x000002907fd07800
}

Java Threads: ( => current thread )
  0x000002906d8ee800 JavaThread "main" [_thread_in_native, id=13120, stack(0x000000d1f6f00000,0x000000d1f7000000)]
  0x000002907db41800 JavaThread "Reference Handler" daemon [_thread_blocked, id=608, stack(0x000000d1f7600000,0x000000d1f7700000)]
  0x000002907db4a000 JavaThread "Finalizer" daemon [_thread_blocked, id=9668, stack(0x000000d1f7700000,0x000000d1f7800000)]
  0x000002907db63000 JavaThread "Signal Dispatcher" daemon [_thread_blocked, id=15188, stack(0x000000d1f7800000,0x000000d1f7900000)]
  0x000002907db64000 JavaThread "Attach Listener" daemon [_thread_blocked, id=19684, stack(0x000000d1f7900000,0x000000d1f7a00000)]
  0x000002907db67000 JavaThread "Service Thread" daemon [_thread_blocked, id=12272, stack(0x000000d1f7a00000,0x000000d1f7b00000)]
=>0x000002907db68000 JavaThread "C2 CompilerThread0" daemon [_thread_in_native, id=16308, stack(0x000000d1f7b00000,0x000000d1f7c00000)]
  0x000002907db69800 JavaThread "C1 CompilerThread0" daemon [_thread_blocked, id=20308, stack(0x000000d1f7c00000,0x000000d1f7d00000)]
  0x000002907dbc2000 JavaThread "Sweeper thread" daemon [_thread_blocked, id=16808, stack(0x000000d1f7d00000,0x000000d1f7e00000)]
  0x000002907dd1a800 JavaThread "Common-Cleaner" daemon [_thread_blocked, id=2044, stack(0x000000d1f7f00000,0x000000d1f8000000)]
  0x000002907fd07800 JavaThread "C2 CompilerThread1" daemon [_thread_in_native, id=19696, stack(0x000000d1f8000000,0x000000d1f8100000)]

Other Threads:
  0x000002907d31a000 VMThread "VM Thread" [stack: 0x000000d1f7500000,0x000000d1f7600000] [id=9744]
  0x000002907dd16000 WatcherThread [stack: 0x000000d1f7e00000,0x000000d1f7f00000] [id=12348]
  0x000002906d907000 GCTaskThread "GC Thread#0" [stack: 0x000000d1f7000000,0x000000d1f7100000] [id=19888]
  0x000002907e668800 GCTaskThread "GC Thread#1" [stack: 0x000000d1f8100000,0x000000d1f8200000] [id=20208]
  0x000002907e669000 GCTaskThread "GC Thread#2" [stack: 0x000000d1f8200000,0x000000d1f8300000] [id=10748]
  0x000002907e669800 GCTaskThread "GC Thread#3" [stack: 0x000000d1f8300000,0x000000d1f8400000] [id=16460]
  0x000002906d94c800 ConcurrentGCThread "G1 Main Marker" [stack: 0x000000d1f7100000,0x000000d1f7200000] [id=12888]
  0x000002906d94f800 ConcurrentGCThread "G1 Conc#0" [stack: 0x000000d1f7200000,0x000000d1f7300000] [id=16152]
  0x000002907e815800 ConcurrentGCThread "G1 Conc#1" [stack: 0x000000d1f8400000,0x000000d1f8500000] [id=8308]
  0x000002907d182800 ConcurrentGCThread "G1 Refine#0" [stack: 0x000000d1f7300000,0x000000d1f7400000] [id=10424]
  0x000002907d183000 ConcurrentGCThread "G1 Young RemSet Sampling" [stack: 0x000000d1f7400000,0x000000d1f7500000] [id=18900]

Threads with active compile tasks:
C2 CompilerThread0   3901 2220       4       org.jetbrains.kotlin.com.intellij.openapi.vfs.impl.ZipHandlerBase::getOrCreate (292 bytes)
C2 CompilerThread1   3901 2262   !   4       java.util.jar.JarFile::checkForSpecialAttributes (163 bytes)

VM state:not at safepoint (normal execution)

VM Mutex/Monitor currently owned by a thread: None

Heap address: 0x0000000741600000, size: 3050 MB, Compressed Oops mode: Zero based, Oop shift amount: 3
Narrow klass base: 0x0000000800000000, Narrow klass shift: 0
Compressed class space size: 1073741824 Address: 0x0000000800000000

Heap:
 garbage-first heap   total 196608K, used 20734K [0x0000000741600000, 0x0000000800000000)
  region size 1024K, 9 young (9216K), 8 survivors (8192K)
 Metaspace       used 33666K, capacity 34203K, committed 34432K, reserved 1079296K
  class space    used 4224K, capacity 4421K, committed 4480K, reserved 1048576K
Heap Regions: E=young(eden), S=young(survivor), O=old, HS=humongous(starts), HC=humongous(continues), CS=collection set, F=free, A=archive, TAMS=top-at-mark-start (previous, next)
|   0|0x0000000741600000, 0x0000000741700000, 0x0000000741700000|100%|HS|  |TAMS 0x0000000741700000, 0x0000000741600000| Complete 
|   1|0x0000000741700000, 0x0000000741800000, 0x0000000741800000|100%|HC|  |TAMS 0x0000000741800000, 0x0000000741700000| Complete 
|   2|0x0000000741800000, 0x0000000741900000, 0x0000000741900000|100%|HC|  |TAMS 0x0000000741900000, 0x0000000741800000| Complete 
|   3|0x0000000741900000, 0x0000000741a00000, 0x0000000741a00000|100%| O|  |TAMS 0x0000000741900000, 0x0000000741900000| Untracked 
|   4|0x0000000741a00000, 0x0000000741b00000, 0x0000000741b00000|100%| O|  |TAMS 0x0000000741a12c00, 0x0000000741a00000| Untracked 
|   5|0x0000000741b00000, 0x0000000741c00000, 0x0000000741c00000|100%|HS|  |TAMS 0x0000000741b00000, 0x0000000741b00000| Complete 
|   6|0x0000000741c00000, 0x0000000741d00000, 0x0000000741d00000|100%|HC|  |TAMS 0x0000000741c00000, 0x0000000741c00000| Complete 
|   7|0x0000000741d00000, 0x0000000741e00000, 0x0000000741e00000|100%|HC|  |TAMS 0x0000000741d00000, 0x0000000741d00000| Complete 
|   8|0x0000000741e00000, 0x0000000741f00000, 0x0000000741f00000|100%|HS|  |TAMS 0x0000000741e00000, 0x0000000741e00000| Complete 
|   9|0x0000000741f00000, 0x0000000742000000, 0x0000000742000000|100%|HC|  |TAMS 0x0000000741f00000, 0x0000000741f00000| Complete 
|  10|0x0000000742000000, 0x0000000742100000, 0x0000000742100000|100%| O|  |TAMS 0x0000000742000000, 0x0000000742000000| Untracked 
|  11|0x0000000742100000, 0x0000000742200000, 0x0000000742200000|100%| O|  |TAMS 0x0000000742100000, 0x0000000742100000| Untracked 
|  12|0x0000000742200000, 0x000000074223fa00, 0x0000000742300000| 24%| O|  |TAMS 0x0000000742200000, 0x0000000742200000| Untracked 
|  13|0x0000000742300000, 0x0000000742300000, 0x0000000742400000|  0%| F|  |TAMS 0x0000000742300000, 0x0000000742300000| Untracked 
|  14|0x0000000742400000, 0x0000000742400000, 0x0000000742500000|  0%| F|  |TAMS 0x0000000742400000, 0x0000000742400000| Untracked 
|  15|0x0000000742500000, 0x0000000742500000, 0x0000000742600000|  0%| F|  |TAMS 0x0000000742500000, 0x0000000742500000| Untracked 
|  16|0x0000000742600000, 0x0000000742600000, 0x0000000742700000|  0%| F|  |TAMS 0x0000000742600000, 0x0000000742600000| Untracked 
|  17|0x0000000742700000, 0x0000000742700000, 0x0000000742800000|  0%| F|  |TAMS 0x0000000742700000, 0x0000000742700000| Untracked 
|  18|0x0000000742800000, 0x0000000742800000, 0x0000000742900000|  0%| F|  |TAMS 0x0000000742800000, 0x0000000742800000| Untracked 
|  19|0x0000000742900000, 0x0000000742900000, 0x0000000742a00000|  0%| F|  |TAMS 0x0000000742900000, 0x0000000742900000| Untracked 
|  20|0x0000000742a00000, 0x0000000742a00000, 0x0000000742b00000|  0%| F|  |TAMS 0x0000000742a00000, 0x0000000742a00000| Untracked 
|  21|0x0000000742b00000, 0x0000000742b00000, 0x0000000742c00000|  0%| F|  |TAMS 0x0000000742b00000, 0x0000000742b00000| Untracked 
|  22|0x0000000742c00000, 0x0000000742c00000, 0x0000000742d00000|  0%| F|  |TAMS 0x0000000742c00000, 0x0000000742c00000| Untracked 
|  23|0x0000000742d00000, 0x0000000742d00000, 0x0000000742e00000|  0%| F|  |TAMS 0x0000000742d00000, 0x0000000742d00000| Untracked 
|  24|0x0000000742e00000, 0x0000000742e00000, 0x0000000742f00000|  0%| F|  |TAMS 0x0000000742e00000, 0x0000000742e00000| Untracked 
|  25|0x0000000742f00000, 0x0000000742f00000, 0x0000000743000000|  0%| F|  |TAMS 0x0000000742f00000, 0x0000000742f00000| Untracked 
|  26|0x0000000743000000, 0x0000000743000000, 0x0000000743100000|  0%| F|  |TAMS 0x0000000743000000, 0x0000000743000000| Untracked 
|  27|0x0000000743100000, 0x0000000743100000, 0x0000000743200000|  0%| F|  |TAMS 0x0000000743100000, 0x0000000743100000| Untracked 
|  28|0x0000000743200000, 0x0000000743200000, 0x0000000743300000|  0%| F|  |TAMS 0x0000000743200000, 0x0000000743200000| Untracked 
|  29|0x0000000743300000, 0x0000000743300000, 0x0000000743400000|  0%| F|  |TAMS 0x0000000743300000, 0x0000000743300000| Untracked 
|  30|0x0000000743400000, 0x0000000743400000, 0x0000000743500000|  0%| F|  |TAMS 0x0000000743400000, 0x0000000743400000| Untracked 
|  31|0x0000000743500000, 0x0000000743500000, 0x0000000743600000|  0%| F|  |TAMS 0x0000000743500000, 0x0000000743500000| Untracked 
|  32|0x0000000743600000, 0x0000000743600000, 0x0000000743700000|  0%| F|  |TAMS 0x0000000743600000, 0x0000000743600000| Untracked 
|  33|0x0000000743700000, 0x0000000743700000, 0x0000000743800000|  0%| F|  |TAMS 0x0000000743700000, 0x0000000743700000| Untracked 
|  34|0x0000000743800000, 0x0000000743800000, 0x0000000743900000|  0%| F|  |TAMS 0x0000000743800000, 0x0000000743800000| Untracked 
|  35|0x0000000743900000, 0x0000000743900000, 0x0000000743a00000|  0%| F|  |TAMS 0x0000000743900000, 0x0000000743900000| Untracked 
|  36|0x0000000743a00000, 0x0000000743a00000, 0x0000000743b00000|  0%| F|  |TAMS 0x0000000743a00000, 0x0000000743a00000| Untracked 
|  37|0x0000000743b00000, 0x0000000743b00000, 0x0000000743c00000|  0%| F|  |TAMS 0x0000000743b00000, 0x0000000743b00000| Untracked 
|  38|0x0000000743c00000, 0x0000000743c00000, 0x0000000743d00000|  0%| F|  |TAMS 0x0000000743c00000, 0x0000000743c00000| Untracked 
|  39|0x0000000743d00000, 0x0000000743d00000, 0x0000000743e00000|  0%| F|  |TAMS 0x0000000743d00000, 0x0000000743d00000| Untracked 
|  40|0x0000000743e00000, 0x0000000743e00000, 0x0000000743f00000|  0%| F|  |TAMS 0x0000000743e00000, 0x0000000743e00000| Untracked 
|  41|0x0000000743f00000, 0x0000000743f00000, 0x0000000744000000|  0%| F|  |TAMS 0x0000000743f00000, 0x0000000743f00000| Untracked 
|  42|0x0000000744000000, 0x0000000744000000, 0x0000000744100000|  0%| F|  |TAMS 0x0000000744000000, 0x0000000744000000| Untracked 
|  43|0x0000000744100000, 0x0000000744100000, 0x0000000744200000|  0%| F|  |TAMS 0x0000000744100000, 0x0000000744100000| Untracked 
|  44|0x0000000744200000, 0x0000000744200000, 0x0000000744300000|  0%| F|  |TAMS 0x0000000744200000, 0x0000000744200000| Untracked 
|  45|0x0000000744300000, 0x0000000744300000, 0x0000000744400000|  0%| F|  |TAMS 0x0000000744300000, 0x0000000744300000| Untracked 
|  46|0x0000000744400000, 0x0000000744400000, 0x0000000744500000|  0%| F|  |TAMS 0x0000000744400000, 0x0000000744400000| Untracked 
|  47|0x0000000744500000, 0x0000000744500000, 0x0000000744600000|  0%| F|  |TAMS 0x0000000744500000, 0x0000000744500000| Untracked 
|  48|0x0000000744600000, 0x0000000744600000, 0x0000000744700000|  0%| F|  |TAMS 0x0000000744600000, 0x0000000744600000| Untracked 
|  49|0x0000000744700000, 0x0000000744700000, 0x0000000744800000|  0%| F|  |TAMS 0x0000000744700000, 0x0000000744700000| Untracked 
|  50|0x0000000744800000, 0x0000000744800000, 0x0000000744900000|  0%| F|  |TAMS 0x0000000744800000, 0x0000000744800000| Untracked 
|  51|0x0000000744900000, 0x0000000744900000, 0x0000000744a00000|  0%| F|  |TAMS 0x0000000744900000, 0x0000000744900000| Untracked 
|  52|0x0000000744a00000, 0x0000000744a00000, 0x0000000744b00000|  0%| F|  |TAMS 0x0000000744a00000, 0x0000000744a00000| Untracked 
|  53|0x0000000744b00000, 0x0000000744b00000, 0x0000000744c00000|  0%| F|  |TAMS 0x0000000744b00000, 0x0000000744b00000| Untracked 
|  54|0x0000000744c00000, 0x0000000744c00000, 0x0000000744d00000|  0%| F|  |TAMS 0x0000000744c00000, 0x0000000744c00000| Untracked 
|  55|0x0000000744d00000, 0x0000000744d00000, 0x0000000744e00000|  0%| F|  |TAMS 0x0000000744d00000, 0x0000000744d00000| Untracked 
|  56|0x0000000744e00000, 0x0000000744e00000, 0x0000000744f00000|  0%| F|  |TAMS 0x0000000744e00000, 0x0000000744e00000| Untracked 
|  57|0x0000000744f00000, 0x0000000744f00000, 0x0000000745000000|  0%| F|  |TAMS 0x0000000744f00000, 0x0000000744f00000| Untracked 
|  58|0x0000000745000000, 0x0000000745000000, 0x0000000745100000|  0%| F|  |TAMS 0x0000000745000000, 0x0000000745000000| Untracked 
|  59|0x0000000745100000, 0x0000000745100000, 0x0000000745200000|  0%| F|  |TAMS 0x0000000745100000, 0x0000000745100000| Untracked 
|  60|0x0000000745200000, 0x0000000745200000, 0x0000000745300000|  0%| F|  |TAMS 0x0000000745200000, 0x0000000745200000| Untracked 
|  61|0x0000000745300000, 0x0000000745300000, 0x0000000745400000|  0%| F|  |TAMS 0x0000000745300000, 0x0000000745300000| Untracked 
|  62|0x0000000745400000, 0x0000000745400000, 0x0000000745500000|  0%| F|  |TAMS 0x0000000745400000, 0x0000000745400000| Untracked 
|  63|0x0000000745500000, 0x0000000745500000, 0x0000000745600000|  0%| F|  |TAMS 0x0000000745500000, 0x0000000745500000| Untracked 
|  64|0x0000000745600000, 0x0000000745600000, 0x0000000745700000|  0%| F|  |TAMS 0x0000000745600000, 0x0000000745600000| Untracked 
|  65|0x0000000745700000, 0x0000000745700000, 0x0000000745800000|  0%| F|  |TAMS 0x0000000745700000, 0x0000000745700000| Untracked 
|  66|0x0000000745800000, 0x0000000745800000, 0x0000000745900000|  0%| F|  |TAMS 0x0000000745800000, 0x0000000745800000| Untracked 
|  67|0x0000000745900000, 0x0000000745900000, 0x0000000745a00000|  0%| F|  |TAMS 0x0000000745900000, 0x0000000745900000| Untracked 
|  68|0x0000000745a00000, 0x0000000745a00000, 0x0000000745b00000|  0%| F|  |TAMS 0x0000000745a00000, 0x0000000745a00000| Untracked 
|  69|0x0000000745b00000, 0x0000000745b00000, 0x0000000745c00000|  0%| F|  |TAMS 0x0000000745b00000, 0x0000000745b00000| Untracked 
|  70|0x0000000745c00000, 0x0000000745c00000, 0x0000000745d00000|  0%| F|  |TAMS 0x0000000745c00000, 0x0000000745c00000| Untracked 
|  71|0x0000000745d00000, 0x0000000745d00000, 0x0000000745e00000|  0%| F|  |TAMS 0x0000000745d00000, 0x0000000745d00000| Untracked 
|  72|0x0000000745e00000, 0x0000000745e00000, 0x0000000745f00000|  0%| F|  |TAMS 0x0000000745e00000, 0x0000000745e00000| Untracked 
|  73|0x0000000745f00000, 0x0000000745f00000, 0x0000000746000000|  0%| F|  |TAMS 0x0000000745f00000, 0x0000000745f00000| Untracked 
|  74|0x0000000746000000, 0x0000000746000000, 0x0000000746100000|  0%| F|  |TAMS 0x0000000746000000, 0x0000000746000000| Untracked 
|  75|0x0000000746100000, 0x0000000746100000, 0x0000000746200000|  0%| F|  |TAMS 0x0000000746100000, 0x0000000746100000| Untracked 
|  76|0x0000000746200000, 0x0000000746200000, 0x0000000746300000|  0%| F|  |TAMS 0x0000000746200000, 0x0000000746200000| Untracked 
|  77|0x0000000746300000, 0x0000000746300000, 0x0000000746400000|  0%| F|  |TAMS 0x0000000746300000, 0x0000000746300000| Untracked 
|  78|0x0000000746400000, 0x0000000746400000, 0x0000000746500000|  0%| F|  |TAMS 0x0000000746400000, 0x0000000746400000| Untracked 
|  79|0x0000000746500000, 0x0000000746500000, 0x0000000746600000|  0%| F|  |TAMS 0x0000000746500000, 0x0000000746500000| Untracked 
|  80|0x0000000746600000, 0x0000000746600000, 0x0000000746700000|  0%| F|  |TAMS 0x0000000746600000, 0x0000000746600000| Untracked 
|  81|0x0000000746700000, 0x0000000746700000, 0x0000000746800000|  0%| F|  |TAMS 0x0000000746700000, 0x0000000746700000| Untracked 
|  82|0x0000000746800000, 0x0000000746800000, 0x0000000746900000|  0%| F|  |TAMS 0x0000000746800000, 0x0000000746800000| Untracked 
|  83|0x0000000746900000, 0x0000000746900000, 0x0000000746a00000|  0%| F|  |TAMS 0x0000000746900000, 0x0000000746900000| Untracked 
|  84|0x0000000746a00000, 0x0000000746a00000, 0x0000000746b00000|  0%| F|  |TAMS 0x0000000746a00000, 0x0000000746a00000| Untracked 
|  85|0x0000000746b00000, 0x0000000746b00000, 0x0000000746c00000|  0%| F|  |TAMS 0x0000000746b00000, 0x0000000746b00000| Untracked 
|  86|0x0000000746c00000, 0x0000000746c00000, 0x0000000746d00000|  0%| F|  |TAMS 0x0000000746c00000, 0x0000000746c00000| Untracked 
|  87|0x0000000746d00000, 0x0000000746d00000, 0x0000000746e00000|  0%| F|  |TAMS 0x0000000746d00000, 0x0000000746d00000| Untracked 
|  88|0x0000000746e00000, 0x0000000746e00000, 0x0000000746f00000|  0%| F|  |TAMS 0x0000000746e00000, 0x0000000746e00000| Untracked 
|  89|0x0000000746f00000, 0x0000000746f00000, 0x0000000747000000|  0%| F|  |TAMS 0x0000000746f00000, 0x0000000746f00000| Untracked 
|  90|0x0000000747000000, 0x0000000747000000, 0x0000000747100000|  0%| F|  |TAMS 0x0000000747000000, 0x0000000747000000| Untracked 
|  91|0x0000000747100000, 0x0000000747100000, 0x0000000747200000|  0%| F|  |TAMS 0x0000000747100000, 0x0000000747100000| Untracked 
|  92|0x0000000747200000, 0x0000000747200000, 0x0000000747300000|  0%| F|  |TAMS 0x0000000747200000, 0x0000000747200000| Untracked 
|  93|0x0000000747300000, 0x0000000747300000, 0x0000000747400000|  0%| F|  |TAMS 0x0000000747300000, 0x0000000747300000| Untracked 
|  94|0x0000000747400000, 0x0000000747400000, 0x0000000747500000|  0%| F|  |TAMS 0x0000000747400000, 0x0000000747400000| Untracked 
|  95|0x0000000747500000, 0x0000000747500000, 0x0000000747600000|  0%| F|  |TAMS 0x0000000747500000, 0x0000000747500000| Untracked 
|  96|0x0000000747600000, 0x0000000747600000, 0x0000000747700000|  0%| F|  |TAMS 0x0000000747600000, 0x0000000747600000| Untracked 
|  97|0x0000000747700000, 0x0000000747700000, 0x0000000747800000|  0%| F|  |TAMS 0x0000000747700000, 0x0000000747700000| Untracked 
|  98|0x0000000747800000, 0x0000000747800000, 0x0000000747900000|  0%| F|  |TAMS 0x0000000747800000, 0x0000000747800000| Untracked 
|  99|0x0000000747900000, 0x0000000747900000, 0x0000000747a00000|  0%| F|  |TAMS 0x0000000747900000, 0x0000000747900000| Untracked 
| 100|0x0000000747a00000, 0x0000000747a00000, 0x0000000747b00000|  0%| F|  |TAMS 0x0000000747a00000, 0x0000000747a00000| Untracked 
| 101|0x0000000747b00000, 0x0000000747b00000, 0x0000000747c00000|  0%| F|  |TAMS 0x0000000747b00000, 0x0000000747b00000| Untracked 
| 102|0x0000000747c00000, 0x0000000747c00000, 0x0000000747d00000|  0%| F|  |TAMS 0x0000000747c00000, 0x0000000747c00000| Untracked 
| 103|0x0000000747d00000, 0x0000000747d00000, 0x0000000747e00000|  0%| F|  |TAMS 0x0000000747d00000, 0x0000000747d00000| Untracked 
| 104|0x0000000747e00000, 0x0000000747e00000, 0x0000000747f00000|  0%| F|  |TAMS 0x0000000747e00000, 0x0000000747e00000| Untracked 
| 105|0x0000000747f00000, 0x0000000747f00000, 0x0000000748000000|  0%| F|  |TAMS 0x0000000747f00000, 0x0000000747f00000| Untracked 
| 106|0x0000000748000000, 0x0000000748000000, 0x0000000748100000|  0%| F|  |TAMS 0x0000000748000000, 0x0000000748000000| Untracked 
| 107|0x0000000748100000, 0x0000000748100000, 0x0000000748200000|  0%| F|  |TAMS 0x0000000748100000, 0x0000000748100000| Untracked 
| 108|0x0000000748200000, 0x0000000748200000, 0x0000000748300000|  0%| F|  |TAMS 0x0000000748200000, 0x0000000748200000| Untracked 
| 109|0x0000000748300000, 0x0000000748300000, 0x0000000748400000|  0%| F|  |TAMS 0x0000000748300000, 0x0000000748300000| Untracked 
| 110|0x0000000748400000, 0x0000000748400000, 0x0000000748500000|  0%| F|  |TAMS 0x0000000748400000, 0x0000000748400000| Untracked 
| 111|0x0000000748500000, 0x0000000748500000, 0x0000000748600000|  0%| F|  |TAMS 0x0000000748500000, 0x0000000748500000| Untracked 
| 112|0x0000000748600000, 0x0000000748600000, 0x0000000748700000|  0%| F|  |TAMS 0x0000000748600000, 0x0000000748600000| Untracked 
| 113|0x0000000748700000, 0x0000000748700000, 0x0000000748800000|  0%| F|  |TAMS 0x0000000748700000, 0x0000000748700000| Untracked 
| 114|0x0000000748800000, 0x0000000748800000, 0x0000000748900000|  0%| F|  |TAMS 0x0000000748800000, 0x0000000748800000| Untracked 
| 115|0x0000000748900000, 0x0000000748900000, 0x0000000748a00000|  0%| F|  |TAMS 0x0000000748900000, 0x0000000748900000| Untracked 
| 116|0x0000000748a00000, 0x0000000748a00000, 0x0000000748b00000|  0%| F|  |TAMS 0x0000000748a00000, 0x0000000748a00000| Untracked 
| 117|0x0000000748b00000, 0x0000000748b00000, 0x0000000748c00000|  0%| F|  |TAMS 0x0000000748b00000, 0x0000000748b00000| Untracked 
| 118|0x0000000748c00000, 0x0000000748c00000, 0x0000000748d00000|  0%| F|  |TAMS 0x0000000748c00000, 0x0000000748c00000| Untracked 
| 119|0x0000000748d00000, 0x0000000748d00000, 0x0000000748e00000|  0%| F|  |TAMS 0x0000000748d00000, 0x0000000748d00000| Untracked 
| 120|0x0000000748e00000, 0x0000000748e00000, 0x0000000748f00000|  0%| F|  |TAMS 0x0000000748e00000, 0x0000000748e00000| Untracked 
| 121|0x0000000748f00000, 0x0000000748f00000, 0x0000000749000000|  0%| F|  |TAMS 0x0000000748f00000, 0x0000000748f00000| Untracked 
| 122|0x0000000749000000, 0x0000000749000000, 0x0000000749100000|  0%| F|  |TAMS 0x0000000749000000, 0x0000000749000000| Untracked 
| 123|0x0000000749100000, 0x0000000749100000, 0x0000000749200000|  0%| F|  |TAMS 0x0000000749100000, 0x0000000749100000| Untracked 
| 124|0x0000000749200000, 0x0000000749200000, 0x0000000749300000|  0%| F|  |TAMS 0x0000000749200000, 0x0000000749200000| Untracked 
| 125|0x0000000749300000, 0x0000000749300000, 0x0000000749400000|  0%| F|  |TAMS 0x0000000749300000, 0x0000000749300000| Untracked 
| 126|0x0000000749400000, 0x0000000749400000, 0x0000000749500000|  0%| F|  |TAMS 0x0000000749400000, 0x0000000749400000| Untracked 
| 127|0x0000000749500000, 0x0000000749600000, 0x0000000749600000|100%| S|CS|TAMS 0x0000000749500000, 0x0000000749500000| Complete 
| 128|0x0000000749600000, 0x0000000749700000, 0x0000000749700000|100%| S|CS|TAMS 0x0000000749600000, 0x0000000749600000| Complete 
| 129|0x0000000749700000, 0x0000000749800000, 0x0000000749800000|100%| S|CS|TAMS 0x0000000749700000, 0x0000000749700000| Complete 
| 130|0x0000000749800000, 0x0000000749900000, 0x0000000749900000|100%| S|CS|TAMS 0x0000000749800000, 0x0000000749800000| Complete 
| 131|0x0000000749900000, 0x0000000749a00000, 0x0000000749a00000|100%| S|CS|TAMS 0x0000000749900000, 0x0000000749900000| Complete 
| 132|0x0000000749a00000, 0x0000000749b00000, 0x0000000749b00000|100%| S|CS|TAMS 0x0000000749a00000, 0x0000000749a00000| Complete 
| 133|0x0000000749b00000, 0x0000000749c00000, 0x0000000749c00000|100%| S|CS|TAMS 0x0000000749b00000, 0x0000000749b00000| Complete 
| 134|0x0000000749c00000, 0x0000000749d00000, 0x0000000749d00000|100%| S|CS|TAMS 0x0000000749c00000, 0x0000000749c00000| Complete 
| 135|0x0000000749d00000, 0x0000000749d00000, 0x0000000749e00000|  0%| F|  |TAMS 0x0000000749d00000, 0x0000000749d00000| Untracked 
| 136|0x0000000749e00000, 0x0000000749e00000, 0x0000000749f00000|  0%| F|  |TAMS 0x0000000749e00000, 0x0000000749e00000| Untracked 
| 137|0x0000000749f00000, 0x0000000749f00000, 0x000000074a000000|  0%| F|  |TAMS 0x0000000749f00000, 0x0000000749f00000| Untracked 
| 138|0x000000074a000000, 0x000000074a000000, 0x000000074a100000|  0%| F|  |TAMS 0x000000074a000000, 0x000000074a000000| Untracked 
| 139|0x000000074a100000, 0x000000074a100000, 0x000000074a200000|  0%| F|  |TAMS 0x000000074a100000, 0x000000074a100000| Untracked 
| 140|0x000000074a200000, 0x000000074a200000, 0x000000074a300000|  0%| F|  |TAMS 0x000000074a200000, 0x000000074a200000| Untracked 
| 141|0x000000074a300000, 0x000000074a300000, 0x000000074a400000|  0%| F|  |TAMS 0x000000074a300000, 0x000000074a300000| Untracked 
| 142|0x000000074a400000, 0x000000074a400000, 0x000000074a500000|  0%| F|  |TAMS 0x000000074a400000, 0x000000074a400000| Untracked 
| 143|0x000000074a500000, 0x000000074a500000, 0x000000074a600000|  0%| F|  |TAMS 0x000000074a500000, 0x000000074a500000| Untracked 
| 144|0x000000074a600000, 0x000000074a600000, 0x000000074a700000|  0%| F|  |TAMS 0x000000074a600000, 0x000000074a600000| Untracked 
| 145|0x000000074a700000, 0x000000074a700000, 0x000000074a800000|  0%| F|  |TAMS 0x000000074a700000, 0x000000074a700000| Untracked 
| 146|0x000000074a800000, 0x000000074a800000, 0x000000074a900000|  0%| F|  |TAMS 0x000000074a800000, 0x000000074a800000| Untracked 
| 147|0x000000074a900000, 0x000000074a900000, 0x000000074aa00000|  0%| F|  |TAMS 0x000000074a900000, 0x000000074a900000| Untracked 
| 148|0x000000074aa00000, 0x000000074aa00000, 0x000000074ab00000|  0%| F|  |TAMS 0x000000074aa00000, 0x000000074aa00000| Untracked 
| 149|0x000000074ab00000, 0x000000074ab00000, 0x000000074ac00000|  0%| F|  |TAMS 0x000000074ab00000, 0x000000074ab00000| Untracked 
| 150|0x000000074ac00000, 0x000000074ac00000, 0x000000074ad00000|  0%| F|  |TAMS 0x000000074ac00000, 0x000000074ac00000| Untracked 
| 151|0x000000074ad00000, 0x000000074ad00000, 0x000000074ae00000|  0%| F|  |TAMS 0x000000074ad00000, 0x000000074ad00000| Untracked 
| 152|0x000000074ae00000, 0x000000074ae00000, 0x000000074af00000|  0%| F|  |TAMS 0x000000074ae00000, 0x000000074ae00000| Untracked 
| 153|0x000000074af00000, 0x000000074af00000, 0x000000074b000000|  0%| F|  |TAMS 0x000000074af00000, 0x000000074af00000| Untracked 
| 154|0x000000074b000000, 0x000000074b000000, 0x000000074b100000|  0%| F|  |TAMS 0x000000074b000000, 0x000000074b000000| Untracked 
| 155|0x000000074b100000, 0x000000074b100000, 0x000000074b200000|  0%| F|  |TAMS 0x000000074b100000, 0x000000074b100000| Untracked 
| 156|0x000000074b200000, 0x000000074b200000, 0x000000074b300000|  0%| F|  |TAMS 0x000000074b200000, 0x000000074b200000| Untracked 
| 157|0x000000074b300000, 0x000000074b300000, 0x000000074b400000|  0%| F|  |TAMS 0x000000074b300000, 0x000000074b300000| Untracked 
| 158|0x000000074b400000, 0x000000074b400000, 0x000000074b500000|  0%| F|  |TAMS 0x000000074b400000, 0x000000074b400000| Untracked 
| 159|0x000000074b500000, 0x000000074b500000, 0x000000074b600000|  0%| F|  |TAMS 0x000000074b500000, 0x000000074b500000| Untracked 
| 160|0x000000074b600000, 0x000000074b600000, 0x000000074b700000|  0%| F|  |TAMS 0x000000074b600000, 0x000000074b600000| Untracked 
| 161|0x000000074b700000, 0x000000074b700000, 0x000000074b800000|  0%| F|  |TAMS 0x000000074b700000, 0x000000074b700000| Untracked 
| 162|0x000000074b800000, 0x000000074b800000, 0x000000074b900000|  0%| F|  |TAMS 0x000000074b800000, 0x000000074b800000| Untracked 
| 163|0x000000074b900000, 0x000000074b900000, 0x000000074ba00000|  0%| F|  |TAMS 0x000000074b900000, 0x000000074b900000| Untracked 
| 164|0x000000074ba00000, 0x000000074ba00000, 0x000000074bb00000|  0%| F|  |TAMS 0x000000074ba00000, 0x000000074ba00000| Untracked 
| 165|0x000000074bb00000, 0x000000074bb00000, 0x000000074bc00000|  0%| F|  |TAMS 0x000000074bb00000, 0x000000074bb00000| Untracked 
| 166|0x000000074bc00000, 0x000000074bc00000, 0x000000074bd00000|  0%| F|  |TAMS 0x000000074bc00000, 0x000000074bc00000| Untracked 
| 167|0x000000074bd00000, 0x000000074bd00000, 0x000000074be00000|  0%| F|  |TAMS 0x000000074bd00000, 0x000000074bd00000| Untracked 
| 168|0x000000074be00000, 0x000000074be00000, 0x000000074bf00000|  0%| F|  |TAMS 0x000000074be00000, 0x000000074be00000| Untracked 
| 169|0x000000074bf00000, 0x000000074bf00000, 0x000000074c000000|  0%| F|  |TAMS 0x000000074bf00000, 0x000000074bf00000| Untracked 
| 170|0x000000074c000000, 0x000000074c000000, 0x000000074c100000|  0%| F|  |TAMS 0x000000074c000000, 0x000000074c000000| Untracked 
| 171|0x000000074c100000, 0x000000074c100000, 0x000000074c200000|  0%| F|  |TAMS 0x000000074c100000, 0x000000074c100000| Untracked 
| 172|0x000000074c200000, 0x000000074c200000, 0x000000074c300000|  0%| F|  |TAMS 0x000000074c200000, 0x000000074c200000| Untracked 
| 173|0x000000074c300000, 0x000000074c300000, 0x000000074c400000|  0%| F|  |TAMS 0x000000074c300000, 0x000000074c300000| Untracked 
| 174|0x000000074c400000, 0x000000074c400000, 0x000000074c500000|  0%| F|  |TAMS 0x000000074c400000, 0x000000074c400000| Untracked 
| 175|0x000000074c500000, 0x000000074c500000, 0x000000074c600000|  0%| F|  |TAMS 0x000000074c500000, 0x000000074c500000| Untracked 
| 176|0x000000074c600000, 0x000000074c600000, 0x000000074c700000|  0%| F|  |TAMS 0x000000074c600000, 0x000000074c600000| Untracked 
| 177|0x000000074c700000, 0x000000074c700000, 0x000000074c800000|  0%| F|  |TAMS 0x000000074c700000, 0x000000074c700000| Untracked 
| 178|0x000000074c800000, 0x000000074c800000, 0x000000074c900000|  0%| F|  |TAMS 0x000000074c800000, 0x000000074c800000| Untracked 
| 179|0x000000074c900000, 0x000000074c900000, 0x000000074ca00000|  0%| F|  |TAMS 0x000000074c900000, 0x000000074c900000| Untracked 
| 180|0x000000074ca00000, 0x000000074ca00000, 0x000000074cb00000|  0%| F|  |TAMS 0x000000074ca00000, 0x000000074ca00000| Untracked 
| 181|0x000000074cb00000, 0x000000074cb00000, 0x000000074cc00000|  0%| F|  |TAMS 0x000000074cb00000, 0x000000074cb00000| Untracked 
| 182|0x000000074cc00000, 0x000000074cc00000, 0x000000074cd00000|  0%| F|  |TAMS 0x000000074cc00000, 0x000000074cc00000| Untracked 
| 183|0x000000074cd00000, 0x000000074cd00000, 0x000000074ce00000|  0%| F|  |TAMS 0x000000074cd00000, 0x000000074cd00000| Untracked 
| 184|0x000000074ce00000, 0x000000074ce00000, 0x000000074cf00000|  0%| F|  |TAMS 0x000000074ce00000, 0x000000074ce00000| Untracked 
| 185|0x000000074cf00000, 0x000000074cf00000, 0x000000074d000000|  0%| F|  |TAMS 0x000000074cf00000, 0x000000074cf00000| Untracked 
| 186|0x000000074d000000, 0x000000074d000000, 0x000000074d100000|  0%| F|  |TAMS 0x000000074d000000, 0x000000074d000000| Untracked 
| 187|0x000000074d100000, 0x000000074d100000, 0x000000074d200000|  0%| F|  |TAMS 0x000000074d100000, 0x000000074d100000| Untracked 
| 188|0x000000074d200000, 0x000000074d200000, 0x000000074d300000|  0%| F|  |TAMS 0x000000074d200000, 0x000000074d200000| Untracked 
| 189|0x000000074d300000, 0x000000074d300000, 0x000000074d400000|  0%| F|  |TAMS 0x000000074d300000, 0x000000074d300000| Untracked 
| 190|0x000000074d400000, 0x000000074d481310, 0x000000074d500000| 50%| E|  |TAMS 0x000000074d400000, 0x000000074d400000| Complete 
| 191|0x000000074d500000, 0x000000074d600000, 0x000000074d600000|100%| E|CS|TAMS 0x000000074d500000, 0x000000074d500000| Complete 

Card table byte_map: [0x0000029073c70000,0x0000029074270000] _byte_map_base: 0x0000029070265000

Marking Bits (Prev, Next): (CMBitMap*) 0x000002906d93f940, (CMBitMap*) 0x000002906d93f908
 Prev Bits: [0x0000029077820000, 0x000002907a7c8000)
 Next Bits: [0x0000029074870000, 0x0000029077818000)

Polling page: 0x000002906d9d0000

Metaspace:

Usage:
  Non-class:     29.08 MB capacity,    28.81 MB (>99%) used,   233.73 KB ( <1%) free+waste,    50.88 KB ( <1%) overhead. 
      Class:      4.32 MB capacity,     4.13 MB ( 96%) used,   169.32 KB (  4%) free+waste,    24.69 KB ( <1%) overhead. 
       Both:     33.40 MB capacity,    32.93 MB ( 99%) used,   403.05 KB (  1%) free+waste,    75.56 KB ( <1%) overhead. 

Virtual space:
  Non-class space:       30.00 MB reserved,      29.25 MB ( 98%) committed 
      Class space:        1.00 GB reserved,       4.38 MB ( <1%) committed 
             Both:        1.03 GB reserved,      33.63 MB (  3%) committed 

Chunk freelists:
   Non-Class:  42.00 KB
       Class:  27.00 KB
        Both:  69.00 KB

MaxMetaspaceSize: 17179869184.00 GB
CompressedClassSpaceSize: 1.00 GB
Initial GC threshold: 20.80 MB
Current GC threshold: 34.79 MB
CDS: off

CodeHeap 'non-profiled nmethods': size=120000Kb used=929Kb max_used=929Kb free=119070Kb
 bounds [0x0000029007ad0000, 0x0000029007d40000, 0x000002900f000000]
CodeHeap 'profiled nmethods': size=120000Kb used=4446Kb max_used=4446Kb free=115553Kb
 bounds [0x00000290005a0000, 0x0000029000a00000, 0x0000029007ad0000]
CodeHeap 'non-nmethods': size=5760Kb used=1252Kb max_used=1339Kb free=4507Kb
 bounds [0x0000029000000000, 0x0000029000270000, 0x00000290005a0000]
 total_blobs=2785 nmethods=2255 adapters=442
 compilation: enabled
              stopped_count=0, restarted_count=0
 full_count=0

Compilation events (20 events):
Event: 3.738 Thread 0x000002907db69800 nmethod 2249 0x00000290009f1e90 code [0x00000290009f20a0, 0x00000290009f2538]
Event: 3.738 Thread 0x000002907db69800 2248       3       jdk.internal.jimage.ImageLocation::verify (50 bytes)
Event: 3.739 Thread 0x000002907db69800 nmethod 2248 0x00000290009f2690 code [0x00000290009f28e0, 0x00000290009f3068]
Event: 3.751 Thread 0x000002907db69800 2250       3       java.util.HashMap::<init> (8 bytes)
Event: 3.751 Thread 0x000002907db69800 nmethod 2250 0x00000290009f3410 code [0x00000290009f35e0, 0x00000290009f3708]
Event: 3.754 Thread 0x000002907fd07800 nmethod 2219 0x0000029007bb4390 code [0x0000029007bb45a0, 0x0000029007bb5ad8]
Event: 3.758 Thread 0x000002907db69800 2251       3       kotlin.jvm.internal.PropertyReference::<init> (23 bytes)
Event: 3.758 Thread 0x000002907db69800 nmethod 2251 0x00000290009f3790 code [0x00000290009f3960, 0x00000290009f3d18]
Event: 3.758 Thread 0x000002907db69800 2252       3       kotlin.reflect.jvm.internal.ReflectionFactoryImpl::getOwner (23 bytes)
Event: 3.759 Thread 0x000002907db69800 nmethod 2252 0x00000290009f3e10 code [0x00000290009f3fe0, 0x00000290009f4488]
Event: 3.774 Thread 0x000002907db69800 2253       3       kotlin.reflect.jvm.internal.pcollections.IntTree::plus (111 bytes)
Event: 3.775 Thread 0x000002907db69800 nmethod 2253 0x00000290009f4590 code [0x00000290009f47c0, 0x00000290009f4eb8]
Event: 3.775 Thread 0x000002907db69800 2254       3       kotlin.reflect.jvm.internal.KMutableProperty1Impl$_setter$1::<init> (11 bytes)
Event: 3.776 Thread 0x000002907db69800 nmethod 2254 0x00000290009f5110 code [0x00000290009f52c0, 0x00000290009f54f8]
Event: 3.789 Thread 0x000002907db69800 2255       3       kotlin.properties.ObservableProperty::<init> (10 bytes)
Event: 3.789 Thread 0x000002907db69800 nmethod 2255 0x00000290009f5610 code [0x00000290009f57c0, 0x00000290009f5978]
Event: 3.791 Thread 0x000002907db69800 2256       3       org.jetbrains.kotlin.renderer.DescriptorRendererOptionsImpl::property (20 bytes)
Event: 3.792 Thread 0x000002907db69800 nmethod 2256 0x00000290009f5a10 code [0x00000290009f5be0, 0x00000290009f5f38]
Event: 3.792 Thread 0x000002907db69800 2257       3       org.jetbrains.kotlin.renderer.DescriptorRendererOptionsImpl$property$$inlined$vetoable$1::<init> (11 bytes)
Event: 3.792 Thread 0x000002907db69800 nmethod 2257 0x00000290009f6090 code [0x00000290009f6260, 0x00000290009f64d8]

GC Heap History (5 events):
Event: 0.787 GC heap before
{Heap before GC invocations=0 (full 0):
 garbage-first heap   total 196608K, used 27648K [0x0000000741600000, 0x0000000800000000)
  region size 1024K, 24 young (24576K), 0 survivors (0K)
 Metaspace       used 12133K, capacity 12254K, committed 12416K, reserved 1060864K
  class space    used 1100K, capacity 1145K, committed 1152K, reserved 1048576K
}
Event: 0.792 GC heap after
{Heap after GC invocations=1 (full 0):
 garbage-first heap   total 196608K, used 6219K [0x0000000741600000, 0x0000000800000000)
  region size 1024K, 3 young (3072K), 3 survivors (3072K)
 Metaspace       used 12133K, capacity 12254K, committed 12416K, reserved 1060864K
  class space    used 1100K, capacity 1145K, committed 1152K, reserved 1048576K
}
Event: 1.740 GC heap before
{Heap before GC invocations=1 (full 0):
 garbage-first heap   total 196608K, used 43083K [0x0000000741600000, 0x0000000800000000)
  region size 1024K, 40 young (40960K), 3 survivors (3072K)
 Metaspace       used 20899K, capacity 21179K, committed 21248K, reserved 1069056K
  class space    used 2218K, capacity 2278K, committed 2304K, reserved 1048576K
}
Event: 1.758 GC heap after
{Heap after GC invocations=2 (full 0):
 garbage-first heap   total 196608K, used 9796K [0x0000000741600000, 0x0000000800000000)
  region size 1024K, 7 young (7168K), 7 survivors (7168K)
 Metaspace       used 20899K, capacity 21179K, committed 21248K, reserved 1069056K
  class space    used 2218K, capacity 2278K, committed 2304K, reserved 1048576K
}
Event: 3.793 GC heap before
{Heap before GC invocations=3 (full 0):
 garbage-first heap   total 196608K, used 66116K [0x0000000741600000, 0x0000000800000000)
  region size 1024K, 57 young (58368K), 7 survivors (7168K)
 Metaspace       used 33454K, capacity 33979K, committed 34176K, reserved 1079296K
  class space    used 4191K, capacity 4389K, committed 4480K, reserved 1048576K
}

Deoptimization events (20 events):
Event: 2.695 Thread 0x000002906d8ee800 Uncommon trap: trap_request=0xffffffde fr.pc=0x0000029007b69a04 relative=0x0000000000000064
Event: 2.695 Thread 0x000002906d8ee800 Uncommon trap: reason=class_check action=maybe_recompile pc=0x0000029007b69a04 method=java.util.LinkedHashMap.afterNodeInsertion(Z)V @ 15 c2
Event: 2.695 Thread 0x000002906d8ee800 DEOPT PACKING pc=0x0000029007b69a04 sp=0x000000d1f6ffdec0
Event: 2.695 Thread 0x000002906d8ee800 DEOPT UNPACKING pc=0x000002900004a1af sp=0x000000d1f6ffde38 mode 2
Event: 2.696 Thread 0x000002906d8ee800 Uncommon trap: trap_request=0xffffffde fr.pc=0x0000029007b69a04 relative=0x0000000000000064
Event: 2.696 Thread 0x000002906d8ee800 Uncommon trap: reason=class_check action=maybe_recompile pc=0x0000029007b69a04 method=java.util.LinkedHashMap.afterNodeInsertion(Z)V @ 15 c2
Event: 2.696 Thread 0x000002906d8ee800 DEOPT PACKING pc=0x0000029007b69a04 sp=0x000000d1f6ffdec0
Event: 2.696 Thread 0x000002906d8ee800 DEOPT UNPACKING pc=0x000002900004a1af sp=0x000000d1f6ffde38 mode 2
Event: 2.707 Thread 0x000002906d8ee800 Uncommon trap: trap_request=0xffffff4d fr.pc=0x0000029007aed114 relative=0x00000000000009b4
Event: 2.707 Thread 0x000002906d8ee800 Uncommon trap: reason=unstable_if action=reinterpret pc=0x0000029007aed114 method=java.util.zip.ZipFile$Source.getEntryPos([BZ)I @ 156 c2
Event: 2.707 Thread 0x000002906d8ee800 DEOPT PACKING pc=0x0000029007aed114 sp=0x000000d1f6ffe1a0
Event: 2.707 Thread 0x000002906d8ee800 DEOPT UNPACKING pc=0x000002900004a1af sp=0x000000d1f6ffe140 mode 2
Event: 2.722 Thread 0x000002906d8ee800 Uncommon trap: trap_request=0xffffffde fr.pc=0x0000029007b69a04 relative=0x0000000000000064
Event: 2.722 Thread 0x000002906d8ee800 Uncommon trap: reason=class_check action=maybe_recompile pc=0x0000029007b69a04 method=java.util.LinkedHashMap.afterNodeInsertion(Z)V @ 15 c2
Event: 2.722 Thread 0x000002906d8ee800 DEOPT PACKING pc=0x0000029007b69a04 sp=0x000000d1f6ffdec0
Event: 2.722 Thread 0x000002906d8ee800 DEOPT UNPACKING pc=0x000002900004a1af sp=0x000000d1f6ffde38 mode 2
Event: 2.722 Thread 0x000002906d8ee800 Uncommon trap: trap_request=0xffffffde fr.pc=0x0000029007b69a04 relative=0x0000000000000064
Event: 2.722 Thread 0x000002906d8ee800 Uncommon trap: reason=class_check action=maybe_recompile pc=0x0000029007b69a04 method=java.util.LinkedHashMap.afterNodeInsertion(Z)V @ 15 c2
Event: 2.722 Thread 0x000002906d8ee800 DEOPT PACKING pc=0x0000029007b69a04 sp=0x000000d1f6ffdec0
Event: 2.722 Thread 0x000002906d8ee800 DEOPT UNPACKING pc=0x000002900004a1af sp=0x000000d1f6ffde38 mode 2

Classes redefined (0 events):
No events

Internal exceptions (20 events):
Event: 1.367 Thread 0x000002906d8ee800 Exception <a 'java/lang/NoSuchMethodError'{0x000000074be899f8}: 'long java.lang.invoke.Invokers$Holder.invoke_MT(java.lang.Object, java.lang.Object, java.lang.Object, java.lang.Object)'> (0x000000074be899f8) thrown at [./src/hotspot/share/interpreter/linkResolver.cpp, line 773]
Event: 1.367 Thread 0x000002906d8ee800 Exception <a 'java/lang/NoSuchMethodError'{0x000000074be8d078}: 'long java.lang.invoke.DelegatingMethodHandle$Holder.reinvoke_L(java.lang.Object, java.lang.Object, java.lang.Object)'> (0x000000074be8d078) thrown at [./src/hotspot/share/interpreter/linkResolver.cpp, line 773]
Event: 1.370 Thread 0x000002906d8ee800 Exception <a 'java/lang/NoSuchMethodError'{0x000000074be96d38}: 'int java.lang.invoke.DirectMethodHandle$Holder.invokeSpecial(java.lang.Object, java.lang.Object, java.lang.Object, java.lang.Object)'> (0x000000074be96d38) thrown at [./src/hotspot/share/interpreter/linkResolver.cpp, line 773]
Event: 1.373 Thread 0x000002906d8ee800 Exception <a 'java/lang/NoSuchMethodError'{0x000000074bea5b18}: 'int java.lang.invoke.DelegatingMethodHandle$Holder.reinvoke_L(java.lang.Object, java.lang.Object, java.lang.Object, long, int)'> (0x000000074bea5b18) thrown at [./src/hotspot/share/interpreter/linkResolver.cpp, line 773]
Event: 1.543 Thread 0x000002906d8ee800 Exception <a 'java/lang/NoSuchMethodError'{0x000000074b7fd780}: 'int java.lang.invoke.DirectMethodHandle$Holder.invokeSpecialIFC(java.lang.Object, java.lang.Object, int)'> (0x000000074b7fd780) thrown at [./src/hotspot/share/interpreter/linkResolver.cpp, line 773]
Event: 1.733 Thread 0x000002906d8ee800 Exception <a 'java/lang/NoSuchMethodError'{0x000000074ae62548}: 'java.lang.Object java.lang.invoke.DirectMethodHandle$Holder.invokeStaticInit(java.lang.Object, int)'> (0x000000074ae62548) thrown at [./src/hotspot/share/interpreter/linkResolver.cpp, line 773]
Event: 1.788 Thread 0x000002906d8ee800 Exception <a 'java/lang/NoSuchMethodError'{0x000000074d460e10}: 'long java.lang.invoke.DirectMethodHandle$Holder.invokeStatic(java.lang.Object)'> (0x000000074d460e10) thrown at [./src/hotspot/share/interpreter/linkResolver.cpp, line 773]
Event: 1.789 Thread 0x000002906d8ee800 Exception <a 'java/lang/NoSuchMethodError'{0x000000074d463c68}: 'long java.lang.invoke.DirectMethodHandle$Holder.invokeStaticInit(java.lang.Object)'> (0x000000074d463c68) thrown at [./src/hotspot/share/interpreter/linkResolver.cpp, line 773]
Event: 1.874 Thread 0x000002906d8ee800 Exception <a 'java/lang/NoSuchMethodError'{0x000000074d08f668}: 'int java.lang.invoke.DirectMethodHandle$Holder.invokeStaticInit(java.lang.Object, java.lang.Object, java.lang.Object)'> (0x000000074d08f668) thrown at [./src/hotspot/share/interpreter/linkResolver.cpp, line 773]
Event: 1.879 Thread 0x000002906d8ee800 Exception <a 'java/lang/NoSuchMethodError'{0x000000074d0bafe8}: 'int java.lang.invoke.DirectMethodHandle$Holder.invokeStaticInit(java.lang.Object, java.lang.Object)'> (0x000000074d0bafe8) thrown at [./src/hotspot/share/interpreter/linkResolver.cpp, line 773]
Event: 1.938 Thread 0x000002906d8ee800 Exception <a 'java/lang/NoSuchMethodError'{0x000000074ced17f0}: 'void java.lang.invoke.DirectMethodHandle$Holder.invokeSpecial(java.lang.Object, java.lang.Object)'> (0x000000074ced17f0) thrown at [./src/hotspot/share/interpreter/linkResolver.cpp, line 773]
Event: 2.163 Thread 0x000002906d8ee800 Exception <a 'java/lang/NoSuchMethodError'{0x000000074c56b998}: 'java.lang.Object java.lang.invoke.DirectMethodHandle$Holder.invokeStatic(java.lang.Object, java.lang.Object, java.lang.Object, java.lang.Object, java.lang.Object, java.lang.Object, java.lang.Object, java.lang.Object, java.lang.Object, java.lang.Object, java.lang.Object, java.lang.Object, java.lang.Object, java.lang.Object, java.lang.Object)'> (0x000000074c56b998) thrown at [./src/hotspot/share/interpreter/linkResolver.cpp, line 773]
Event: 2.164 Thread 0x000002906d8ee800 Exception <a 'java/lang/NoSuchMethodError'{0x000000074c5799a0}: 'java.lang.Object java.lang.invoke.DirectMethodHandle$Holder.invokeStatic(java.lang.Object, java.lang.Object, java.lang.Object, java.lang.Object, java.lang.Object, java.lang.Object, java.lang.Object, java.lang.Object, java.lang.Object, java.lang.Object, java.lang.Object, java.lang.Object, java.lang.Object, java.lang.Object, java.lang.Object, java.lang.Object)'> (0x000000074c5799a0) thrown at [./src/hotspot/share/interpreter/linkResolver.cpp, l
Event: 2.165 Thread 0x000002906d8ee800 Exception <a 'java/lang/NoSuchMethodError'{0x000000074c587b20}: 'java.lang.Object java.lang.invoke.DirectMethodHandle$Holder.invokeSpecial(java.lang.Object, java.lang.Object, int, int, java.lang.Object, java.lang.Object, java.lang.Object)'> (0x000000074c587b20) thrown at [./src/hotspot/share/interpreter/linkResolver.cpp, line 773]
Event: 2.166 Thread 0x000002906d8ee800 Exception <a 'java/lang/NoSuchMethodError'{0x000000074c58b358}: 'java.lang.Object java.lang.invoke.DelegatingMethodHandle$Holder.reinvoke_L(java.lang.Object, int, int, java.lang.Object, java.lang.Object, java.lang.Object)'> (0x000000074c58b358) thrown at [./src/hotspot/share/interpreter/linkResolver.cpp, line 773]
Event: 2.167 Thread 0x000002906d8ee800 Exception <a 'java/lang/NoSuchMethodError'{0x000000074c58f6e0}: 'java.lang.Object java.lang.invoke.DirectMethodHandle$Holder.invokeStatic(java.lang.Object, java.lang.Object, java.lang.Object, java.lang.Object, int)'> (0x000000074c58f6e0) thrown at [./src/hotspot/share/interpreter/linkResolver.cpp, line 773]
Event: 2.228 Thread 0x000002906d8ee800 Exception <a 'java/lang/NoSuchMethodError'{0x000000074c4b5860}: 'void java.lang.invoke.DirectMethodHandle$Holder.invokeStatic(java.lang.Object, java.lang.Object, java.lang.Object, java.lang.Object)'> (0x000000074c4b5860) thrown at [./src/hotspot/share/interpreter/linkResolver.cpp, line 773]
Event: 2.308 Thread 0x000002906d8ee800 Exception <a 'java/lang/NoSuchMethodError'{0x000000074c095f88}: 'void java.lang.invoke.DirectMethodHandle$Holder.invokeStaticInit(java.lang.Object, java.lang.Object)'> (0x000000074c095f88) thrown at [./src/hotspot/share/interpreter/linkResolver.cpp, line 773]
Event: 2.445 Thread 0x000002906d8ee800 Exception <a 'java/lang/NoSuchMethodError'{0x000000074bbb9868}: 'void java.lang.invoke.DirectMethodHandle$Holder.invokeVirtual(java.lang.Object, java.lang.Object)'> (0x000000074bbb9868) thrown at [./src/hotspot/share/interpreter/linkResolver.cpp, line 773]
Event: 2.458 Thread 0x000002906d8ee800 Exception <a 'java/lang/NoSuchMethodError'{0x000000074ba41da8}: 'int java.lang.invoke.DirectMethodHandle$Holder.invokeVirtual(java.lang.Object, java.lang.Object)'> (0x000000074ba41da8) thrown at [./src/hotspot/share/interpreter/linkResolver.cpp, line 773]

Events (20 events):
Event: 3.789 loading class org/jetbrains/kotlin/renderer/DescriptorRenderer$Companion$COMPACT_WITHOUT_SUPERTYPES$1 done
Event: 3.790 loading class org/jetbrains/kotlin/renderer/DescriptorRenderer$Companion$COMPACT_WITH_SHORT_TYPES$1
Event: 3.790 loading class org/jetbrains/kotlin/renderer/DescriptorRenderer$Companion$COMPACT_WITH_SHORT_TYPES$1 done
Event: 3.790 loading class org/jetbrains/kotlin/renderer/ClassifierNamePolicy$SHORT
Event: 3.790 loading class org/jetbrains/kotlin/renderer/ClassifierNamePolicy$SHORT done
Event: 3.790 loading class org/jetbrains/kotlin/renderer/DescriptorRenderer$Companion$ONLY_NAMES_WITH_SHORT_TYPES$1
Event: 3.790 loading class org/jetbrains/kotlin/renderer/DescriptorRenderer$Companion$ONLY_NAMES_WITH_SHORT_TYPES$1 done
Event: 3.791 loading class org/jetbrains/kotlin/renderer/DescriptorRenderer$Companion$FQ_NAMES_IN_TYPES$1
Event: 3.791 loading class org/jetbrains/kotlin/renderer/DescriptorRenderer$Companion$FQ_NAMES_IN_TYPES$1 done
Event: 3.791 loading class org/jetbrains/kotlin/renderer/DescriptorRenderer$Companion$FQ_NAMES_IN_TYPES_WITH_ANNOTATIONS$1
Event: 3.791 loading class org/jetbrains/kotlin/renderer/DescriptorRenderer$Companion$FQ_NAMES_IN_TYPES_WITH_ANNOTATIONS$1 done
Event: 3.792 loading class org/jetbrains/kotlin/renderer/DescriptorRenderer$Companion$SHORT_NAMES_IN_TYPES$1
Event: 3.792 loading class org/jetbrains/kotlin/renderer/DescriptorRenderer$Companion$SHORT_NAMES_IN_TYPES$1 done
Event: 3.792 loading class org/jetbrains/kotlin/renderer/DescriptorRenderer$Companion$DEBUG_TEXT$1
Event: 3.792 loading class org/jetbrains/kotlin/renderer/DescriptorRenderer$Companion$DEBUG_TEXT$1 done
Event: 3.793 loading class org/jetbrains/kotlin/renderer/ClassifierNamePolicy$FULLY_QUALIFIED
Event: 3.793 loading class org/jetbrains/kotlin/renderer/ClassifierNamePolicy$FULLY_QUALIFIED done
Event: 3.793 loading class org/jetbrains/kotlin/renderer/DescriptorRenderer$Companion$HTML$1
Event: 3.793 loading class org/jetbrains/kotlin/renderer/DescriptorRenderer$Companion$HTML$1 done
Event: 3.793 Executing VM operation: G1CollectForAllocation


Dynamic libraries:
0x00007ff64eed0000 - 0x00007ff64eeda000 	C:\Program Files\Android\Android Studio\jre\bin\java.exe
0x00007ff83be40000 - 0x00007ff83c049000 	C:\WINDOWS\SYSTEM32\ntdll.dll
0x00007ff83bb30000 - 0x00007ff83bbed000 	C:\WINDOWS\System32\KERNEL32.DLL
0x00007ff8398e0000 - 0x00007ff839c59000 	C:\WINDOWS\System32\KERNELBASE.dll
0x00007ff839530000 - 0x00007ff839641000 	C:\WINDOWS\System32\ucrtbase.dll
0x00007ff827870000 - 0x00007ff827887000 	C:\Program Files\Android\Android Studio\jre\bin\VCRUNTIME140.dll
0x00007ff827890000 - 0x00007ff8278a9000 	C:\Program Files\Android\Android Studio\jre\bin\jli.dll
0x00007ff83b3b0000 - 0x00007ff83b55c000 	C:\WINDOWS\System32\USER32.dll
0x00007ff826980000 - 0x00007ff826c25000 	C:\WINDOWS\WinSxS\amd64_microsoft.windows.common-controls_6595b64144ccf1df_6.0.22000.120_none_9d947278b86cc467\COMCTL32.dll
0x00007ff839440000 - 0x00007ff839466000 	C:\WINDOWS\System32\win32u.dll
0x00007ff83aab0000 - 0x00007ff83ab53000 	C:\WINDOWS\System32\msvcrt.dll
0x00007ff839f20000 - 0x00007ff839f49000 	C:\WINDOWS\System32\GDI32.dll
0x00007ff8397c0000 - 0x00007ff8398d2000 	C:\WINDOWS\System32\gdi32full.dll
0x00007ff839330000 - 0x00007ff8393cd000 	C:\WINDOWS\System32\msvcp_win.dll
0x00007ff83aff0000 - 0x00007ff83b021000 	C:\WINDOWS\System32\IMM32.DLL
0x00007ff808d40000 - 0x00007ff808ddd000 	C:\Program Files\Android\Android Studio\jre\bin\msvcp140.dll
0x00007ffff2850000 - 0x00007ffff3335000 	C:\Program Files\Android\Android Studio\jre\bin\server\jvm.dll
0x00007ff83a130000 - 0x00007ff83a1de000 	C:\WINDOWS\System32\ADVAPI32.dll
0x00007ff839ce0000 - 0x00007ff839d7e000 	C:\WINDOWS\System32\sechost.dll
0x00007ff839d80000 - 0x00007ff839ea0000 	C:\WINDOWS\System32\RPCRT4.dll
0x00007ff83ade0000 - 0x00007ff83ade8000 	C:\WINDOWS\System32\PSAPI.DLL
0x00007ff8330a0000 - 0x00007ff8330d3000 	C:\WINDOWS\SYSTEM32\WINMM.dll
0x00007ff822dd0000 - 0x00007ff822dd9000 	C:\WINDOWS\SYSTEM32\WSOCK32.dll
0x00007ff831f40000 - 0x00007ff831f4a000 	C:\WINDOWS\SYSTEM32\VERSION.dll
0x00007ff83bac0000 - 0x00007ff83bb2f000 	C:\WINDOWS\System32\WS2_32.dll
0x00007ff8383f0000 - 0x00007ff838408000 	C:\WINDOWS\SYSTEM32\kernel.appcore.dll
0x00007ff833370000 - 0x00007ff833381000 	C:\Program Files\Android\Android Studio\jre\bin\verify.dll
0x00007ff8234f0000 - 0x00007ff823711000 	C:\WINDOWS\SYSTEM32\DBGHELP.DLL
0x00007ff821410000 - 0x00007ff821441000 	C:\WINDOWS\SYSTEM32\dbgcore.DLL
0x00007ff839c60000 - 0x00007ff839cdf000 	C:\WINDOWS\System32\bcryptPrimitives.dll
0x00007ff827820000 - 0x00007ff827849000 	C:\Program Files\Android\Android Studio\jre\bin\java.dll
0x00007ff836880000 - 0x00007ff83688b000 	C:\Program Files\Android\Android Studio\jre\bin\jimage.dll
0x00007ff8278b0000 - 0x00007ff8278c8000 	C:\Program Files\Android\Android Studio\jre\bin\zip.dll
0x00007ff83a300000 - 0x00007ff83aaaf000 	C:\WINDOWS\System32\SHELL32.dll
0x00007ff837460000 - 0x00007ff837cc8000 	C:\WINDOWS\SYSTEM32\windows.storage.dll
0x00007ff83b030000 - 0x00007ff83b3a8000 	C:\WINDOWS\System32\combase.dll
0x00007ff8372f0000 - 0x00007ff837456000 	C:\WINDOWS\SYSTEM32\wintypes.dll
0x00007ff83b9d0000 - 0x00007ff83baba000 	C:\WINDOWS\System32\SHCORE.dll
0x00007ff83ab60000 - 0x00007ff83abbd000 	C:\WINDOWS\System32\shlwapi.dll
0x00007ff839260000 - 0x00007ff839281000 	C:\WINDOWS\SYSTEM32\profapi.dll
0x00007ff827610000 - 0x00007ff82762a000 	C:\Program Files\Android\Android Studio\jre\bin\net.dll
0x00007ff832d60000 - 0x00007ff832e6c000 	C:\WINDOWS\SYSTEM32\WINHTTP.dll
0x00007ff838810000 - 0x00007ff838877000 	C:\WINDOWS\system32\mswsock.dll
0x00007ff8275f0000 - 0x00007ff827604000 	C:\Program Files\Android\Android Studio\jre\bin\nio.dll

dbghelp: loaded successfully - version: 4.0.5 - missing functions: none
symbol engine: initialized successfully - sym options: 0x614 - pdb path: .;C:\Program Files\Android\Android Studio\jre\bin;C:\WINDOWS\SYSTEM32;C:\WINDOWS\WinSxS\amd64_microsoft.windows.common-controls_6595b64144ccf1df_6.0.22000.120_none_9d947278b86cc467;C:\Program Files\Android\Android Studio\jre\bin\server

VM Arguments:
java_command: org.jetbrains.kotlin.cli.jvm.K2JVMCompiler @C:\Users\Puneet Agrawal\AndroidStudioProjects\texttospeech\app\build\20220613_2860809544606355032.compiler.options
java_class_path (initial): C:\Users\Puneet Agrawal\.gradle\caches\modules-2\files-2.1\org.jetbrains.kotlin\kotlin-compiler-embeddable\1.7.0\4d09852239f61842072b40b524882fa3caaed371\kotlin-compiler-embeddable-1.7.0.jar;C:\Users\Puneet Agrawal\.gradle\caches\modules-2\files-2.1\org.jetbrains.kotlin\kotlin-reflect\1.7.0\e660b0079fdaf744dc9cc7f6f3aa3c761ec839b0\kotlin-reflect-1.7.0.jar;C:\Users\Puneet Agrawal\.gradle\caches\modules-2\files-2.1\org.jetbrains.kotlin\kotlin-stdlib\1.7.0\a5f42c684ad9003160ef0d0f693ecf0ba7b13549\kotlin-stdlib-1.7.0.jar;C:\Users\Puneet Agrawal\.gradle\caches\modules-2\files-2.1\org.jetbrains.kotlin\kotlin-script-runtime\1.7.0\3acea1d447587e61bc3e1b3ed6227d9e9ed4ddf1\kotlin-script-runtime-1.7.0.jar;C:\Users\Puneet Agrawal\.gradle\caches\modules-2\files-2.1\org.jetbrains.kotlin\kotlin-daemon-embeddable\1.7.0\fd56798de80825c673ac93808284c5198ffa2b50\kotlin-daemon-embeddable-1.7.0.jar;C:\Users\Puneet Agrawal\.gradle\caches\modules-2\files-2.1\org.jetbrains.intellij.deps\trove4j\1.0.20200330\3afb14d5f9ceb459d724e907a21145e8ff394f02\trove4j-1.0.20200330.jar;C:\Users\Puneet Agrawal\.gradle\caches\modules-2\files-2.1\net.java.dev.jna\jna\5.6.0\330f2244e9030119ab3030fc3fededc86713d9cc\jna-5.6.0.jar;C:\Users\Puneet Agrawal\.gradle\caches\modules-2\files-2.1\org.jetbrains.kotlin\kotlin-stdlib-common\1.7.0\51736992f422993a1e741051bdf3c12801bc1ca1\kotlin-stdlib-common-1.7.0.jar;C:\Users\Puneet Agrawal\.gradle\caches\modules-2\files-2.1\org.jetbrains\annotations\13.0\919f0dfe192fb4e063e7dacadee7f8bb9a2672a9\annotations-13.0.jar
Launcher Type: SUN_STANDARD

[Global flags]
     intx CICompilerCount                          = 4                                         {product} {ergonomic}
     uint ConcGCThreads                            = 2                                         {product} {ergonomic}
     uint G1ConcRefinementThreads                  = 8                                         {product} {ergonomic}
   size_t G1HeapRegionSize                         = 1048576                                   {product} {ergonomic}
    uintx GCDrainStackTargetSize                   = 64                                        {product} {ergonomic}
   size_t InitialHeapSize                          = 201326592                                 {product} {ergonomic}
   size_t MarkStackSize                            = 4194304                                   {product} {ergonomic}
   size_t MaxHeapSize                              = 3198156800                                {product} {ergonomic}
   size_t MaxNewSize                               = 1918894080                                {product} {ergonomic}
   size_t MinHeapDeltaBytes                        = 1048576                                   {product} {ergonomic}
    uintx NonNMethodCodeHeapSize                   = 5836300                                {pd product} {ergonomic}
    uintx NonProfiledCodeHeapSize                  = 122910970                              {pd product} {ergonomic}
    uintx ProfiledCodeHeapSize                     = 122910970                              {pd product} {ergonomic}
    uintx ReservedCodeCacheSize                    = 251658240                              {pd product} {ergonomic}
     bool SegmentedCodeCache                       = true                                      {product} {ergonomic}
     bool UseCompressedClassPointers               = true                                 {lp64_product} {ergonomic}
     bool UseCompressedOops                        = true                                 {lp64_product} {ergonomic}
     bool UseG1GC                                  = true                                      {product} {ergonomic}
     bool UseLargePagesIndividualAllocation        = false                                  {pd product} {ergonomic}

Logging:
Log output configuration:
 #0: stdout all=warning uptime,level,tags
 #1: stderr all=off uptime,level,tags

Environment Variables:
PATH=C:\Python310\Scripts\;C:\Python310\;C:\Program Files (x86)\VMware\VMware Player\bin\;C:\WINDOWS\system32;C:\WINDOWS;C:\WINDOWS\System32\Wbem;C:\WINDOWS\System32\WindowsPowerShell\v1.0\;C:\WINDOWS\System32\OpenSSH\;C:\Program Files\Cloudflare\Cloudflare WARP;C:\Program Files\Cloudflare\Cloudflare WARP\;C:\Program Files\nodejs\;C:\ProgramData\chocolatey\bin;C:\Program Files\Git\cmd;C:\Program Files\dotnet\;C:\Program Files\MySQL\MySQL Shell 8.0\bin\;C:\Users\Puneet Agrawal\AppData\Local\Microsoft\WindowsApps;;C:\Program Files\JetBrains\PyCharm Community Edition 2021.2.3\bin;;C:\Users\Puneet Agrawal\AppData\Local\Programs\Microsoft VS Code\bin;C:\Users\Puneet Agrawal\AppData\Roaming\npm;C:\Users\Puneet Agrawal\.dotnet\tools
USERNAME=Puneet Agrawal
OS=Windows_NT
PROCESSOR_IDENTIFIER=Intel64 Family 6 Model 142 Stepping 10, GenuineIntel



---------------  S Y S T E M  ---------------

OS: Windows 10 , 64 bit Build 22000 (10.0.22000.675)
OS uptime: 1 days 14:13 hours
Hyper-V role detected

CPU:total 8 (initial active 8) (4 cores per cpu, 2 threads per core) family 6 model 142 stepping 10 microcode 0xea, cmov, cx8, fxsr, mmx, sse, sse2, sse3, ssse3, sse4.1, sse4.2, popcnt, avx, avx2, aes, clmul, erms, 3dnowpref, lzcnt, ht, tsc, tscinvbit, bmi1, bmi2, adx, fma

Memory: 4k page, system-wide physical 12197M (350M free)
TotalPageFile size 20197M (AvailPageFile size 3M)
current process WorkingSet (physical memory assigned to process): 214M, peak: 214M
current process commit charge ("private bytes"): 367M, peak: 376M

vm_info: OpenJDK 64-Bit Server VM (11.0.12+7-b1504.28-7817840) for windows-amd64 JRE (11.0.12+7-b1504.28-7817840), built on Oct 13 2021 22:12:33 by "builder" with MS VC++ 14.0 (VS2015)

END.
